<?xml version="1.0" encoding="UTF-8"?>
<!-- Generated by org.testng.reporters.JUnitXMLReporter -->
<testsuite hostname="sachin-PC" ignored="0" name="Default test" tests="4" failures="0" timestamp="2021-01-30T14:34:16 IST" time="82.729" errors="0">
  <testcase name="div" time="34.743" classname="com.qa.test.DemoTest"/>
  <testcase name="mul" time="28.357" classname="com.qa.test.DemoTest"/>
  <testcase name="sub" time="8.377" classname="com.qa.test.DemoTest"/>
  <testcase name="sum" time="11.07" classname="com.qa.test.DemoTest"/>
</testsuite> <!-- Default test -->
