<?xml version="1.0" encoding="UTF-8"?>
<testng-results skipped="0" failed="0" ignored="0" total="12" passed="12">
  <reporter-output>
  </reporter-output>
  <suite name="Test Maven Suite" duration-ms="88" started-at="2021-01-31T12:55:41 IST" finished-at="2021-01-31T12:55:41 IST">
    <groups>
    </groups>
    <test name="Test Maven Testing" duration-ms="88" started-at="2021-01-31T12:55:41 IST" finished-at="2021-01-31T12:55:41 IST">
      <class name="com.qa.test.DemoTest">
        <test-method status="PASS" signature="div()[pri:0, instance:com.qa.test.DemoTest@dc24521]" name="div" duration-ms="7" started-at="2021-01-31T12:55:41 IST" finished-at="2021-01-31T12:55:41 IST">
          <reporter-output>
          </reporter-output>
        </test-method> <!-- div -->
        <test-method status="PASS" signature="mul()[pri:0, instance:com.qa.test.DemoTest@dc24521]" name="mul" duration-ms="1" started-at="2021-01-31T12:55:41 IST" finished-at="2021-01-31T12:55:41 IST">
          <reporter-output>
          </reporter-output>
        </test-method> <!-- mul -->
        <test-method status="PASS" signature="sub()[pri:0, instance:com.qa.test.DemoTest@dc24521]" name="sub" duration-ms="1" started-at="2021-01-31T12:55:41 IST" finished-at="2021-01-31T12:55:41 IST">
          <reporter-output>
          </reporter-output>
        </test-method> <!-- sub -->
        <test-method status="PASS" signature="sum()[pri:0, instance:com.qa.test.DemoTest@dc24521]" name="sum" duration-ms="1" started-at="2021-01-31T12:55:41 IST" finished-at="2021-01-31T12:55:41 IST">
          <reporter-output>
          </reporter-output>
        </test-method> <!-- sum -->
      </class> <!-- com.qa.test.DemoTest -->
      <class name="com.qa.test.DemoTest1">
        <test-method status="PASS" signature="div()[pri:0, instance:com.qa.test.DemoTest1@10bdf5e5]" name="div" duration-ms="1" started-at="2021-01-31T12:55:41 IST" finished-at="2021-01-31T12:55:41 IST">
          <reporter-output>
          </reporter-output>
        </test-method> <!-- div -->
        <test-method status="PASS" signature="mul()[pri:0, instance:com.qa.test.DemoTest1@10bdf5e5]" name="mul" duration-ms="1" started-at="2021-01-31T12:55:41 IST" finished-at="2021-01-31T12:55:41 IST">
          <reporter-output>
          </reporter-output>
        </test-method> <!-- mul -->
        <test-method status="PASS" signature="sub()[pri:0, instance:com.qa.test.DemoTest1@10bdf5e5]" name="sub" duration-ms="1" started-at="2021-01-31T12:55:41 IST" finished-at="2021-01-31T12:55:41 IST">
          <reporter-output>
          </reporter-output>
        </test-method> <!-- sub -->
        <test-method status="PASS" signature="sum()[pri:0, instance:com.qa.test.DemoTest1@10bdf5e5]" name="sum" duration-ms="1" started-at="2021-01-31T12:55:41 IST" finished-at="2021-01-31T12:55:41 IST">
          <reporter-output>
          </reporter-output>
        </test-method> <!-- sum -->
      </class> <!-- com.qa.test.DemoTest1 -->
      <class name="com.qa.test.DemoTest2">
        <test-method status="PASS" signature="div()[pri:0, instance:com.qa.test.DemoTest2@6e1ec318]" name="div" duration-ms="0" started-at="2021-01-31T12:55:41 IST" finished-at="2021-01-31T12:55:41 IST">
          <reporter-output>
          </reporter-output>
        </test-method> <!-- div -->
        <test-method status="PASS" signature="mul()[pri:0, instance:com.qa.test.DemoTest2@6e1ec318]" name="mul" duration-ms="0" started-at="2021-01-31T12:55:41 IST" finished-at="2021-01-31T12:55:41 IST">
          <reporter-output>
          </reporter-output>
        </test-method> <!-- mul -->
        <test-method status="PASS" signature="sub()[pri:0, instance:com.qa.test.DemoTest2@6e1ec318]" name="sub" duration-ms="0" started-at="2021-01-31T12:55:41 IST" finished-at="2021-01-31T12:55:41 IST">
          <reporter-output>
          </reporter-output>
        </test-method> <!-- sub -->
        <test-method status="PASS" signature="sum()[pri:0, instance:com.qa.test.DemoTest2@6e1ec318]" name="sum" duration-ms="0" started-at="2021-01-31T12:55:41 IST" finished-at="2021-01-31T12:55:41 IST">
          <reporter-output>
          </reporter-output>
        </test-method> <!-- sum -->
      </class> <!-- com.qa.test.DemoTest2 -->
    </test> <!-- Test Maven Testing -->
  </suite> <!-- Test Maven Suite -->
</testng-results>
