<?xml version="1.0" encoding="UTF-8"?>
<testng-results skipped="0" failed="0" ignored="0" total="12" passed="12">
  <reporter-output>
  </reporter-output>
  <suite name="Test Maven Suite" duration-ms="221" started-at="2021-01-30T15:57:16 IST" finished-at="2021-01-30T15:57:16 IST">
    <groups>
    </groups>
    <test name="Test Maven Testing" duration-ms="221" started-at="2021-01-30T15:57:16 IST" finished-at="2021-01-30T15:57:16 IST">
      <class name="com.qa.test.DemoTest">
        <test-method status="PASS" signature="div()[pri:0, instance:com.qa.test.DemoTest@5e853265]" name="div" duration-ms="30" started-at="2021-01-30T15:57:16 IST" finished-at="2021-01-30T15:57:16 IST">
          <reporter-output>
          </reporter-output>
        </test-method> <!-- div -->
        <test-method status="PASS" signature="mul()[pri:0, instance:com.qa.test.DemoTest@5e853265]" name="mul" duration-ms="0" started-at="2021-01-30T15:57:16 IST" finished-at="2021-01-30T15:57:16 IST">
          <reporter-output>
          </reporter-output>
        </test-method> <!-- mul -->
        <test-method status="PASS" signature="sub()[pri:0, instance:com.qa.test.DemoTest@5e853265]" name="sub" duration-ms="0" started-at="2021-01-30T15:57:16 IST" finished-at="2021-01-30T15:57:16 IST">
          <reporter-output>
          </reporter-output>
        </test-method> <!-- sub -->
        <test-method status="PASS" signature="sum()[pri:0, instance:com.qa.test.DemoTest@5e853265]" name="sum" duration-ms="0" started-at="2021-01-30T15:57:16 IST" finished-at="2021-01-30T15:57:16 IST">
          <reporter-output>
          </reporter-output>
        </test-method> <!-- sum -->
      </class> <!-- com.qa.test.DemoTest -->
      <class name="com.qa.test.DemoTest1">
        <test-method status="PASS" signature="div()[pri:0, instance:com.qa.test.DemoTest1@67205a84]" name="div" duration-ms="5" started-at="2021-01-30T15:57:16 IST" finished-at="2021-01-30T15:57:16 IST">
          <reporter-output>
          </reporter-output>
        </test-method> <!-- div -->
        <test-method status="PASS" signature="mul()[pri:0, instance:com.qa.test.DemoTest1@67205a84]" name="mul" duration-ms="0" started-at="2021-01-30T15:57:16 IST" finished-at="2021-01-30T15:57:16 IST">
          <reporter-output>
          </reporter-output>
        </test-method> <!-- mul -->
        <test-method status="PASS" signature="sum()[pri:0, instance:com.qa.test.DemoTest1@67205a84]" name="sum" duration-ms="0" started-at="2021-01-30T15:57:16 IST" finished-at="2021-01-30T15:57:16 IST">
          <reporter-output>
          </reporter-output>
        </test-method> <!-- sum -->
        <test-method status="PASS" signature="sub()[pri:0, instance:com.qa.test.DemoTest1@67205a84]" name="sub" duration-ms="0" started-at="2021-01-30T15:57:16 IST" finished-at="2021-01-30T15:57:16 IST">
          <reporter-output>
          </reporter-output>
        </test-method> <!-- sub -->
      </class> <!-- com.qa.test.DemoTest1 -->
      <class name="com.qa.test.DemoTest2">
        <test-method status="PASS" signature="mul()[pri:0, instance:com.qa.test.DemoTest2@7d0587f1]" name="mul" duration-ms="0" started-at="2021-01-30T15:57:16 IST" finished-at="2021-01-30T15:57:16 IST">
          <reporter-output>
          </reporter-output>
        </test-method> <!-- mul -->
        <test-method status="PASS" signature="div()[pri:0, instance:com.qa.test.DemoTest2@7d0587f1]" name="div" duration-ms="0" started-at="2021-01-30T15:57:16 IST" finished-at="2021-01-30T15:57:16 IST">
          <reporter-output>
          </reporter-output>
        </test-method> <!-- div -->
        <test-method status="PASS" signature="sub()[pri:0, instance:com.qa.test.DemoTest2@7d0587f1]" name="sub" duration-ms="0" started-at="2021-01-30T15:57:16 IST" finished-at="2021-01-30T15:57:16 IST">
          <reporter-output>
          </reporter-output>
        </test-method> <!-- sub -->
        <test-method status="PASS" signature="sum()[pri:0, instance:com.qa.test.DemoTest2@7d0587f1]" name="sum" duration-ms="0" started-at="2021-01-30T15:57:16 IST" finished-at="2021-01-30T15:57:16 IST">
          <reporter-output>
          </reporter-output>
        </test-method> <!-- sum -->
      </class> <!-- com.qa.test.DemoTest2 -->
    </test> <!-- Test Maven Testing -->
  </suite> <!-- Test Maven Suite -->
</testng-results>
