<?xml version="1.0" encoding="UTF-8"?>
<!-- Generated by org.testng.reporters.JUnitXMLReporter -->
<testsuite hostname="sachin-PC" ignored="0" name="Test Maven Testing" tests="12" failures="0" timestamp="2021-01-30T15:57:17 IST" time="0.221" errors="0">
  <testcase name="div" time="0.03" classname="com.qa.test.DemoTest"/>
  <testcase name="mul" time="0.0" classname="com.qa.test.DemoTest"/>
  <testcase name="sub" time="0.0" classname="com.qa.test.DemoTest"/>
  <testcase name="sum" time="0.0" classname="com.qa.test.DemoTest"/>
  <testcase name="div" time="0.005" classname="com.qa.test.DemoTest1"/>
  <testcase name="mul" time="0.0" classname="com.qa.test.DemoTest1"/>
  <testcase name="sub" time="0.0" classname="com.qa.test.DemoTest1"/>
  <testcase name="sum" time="0.0" classname="com.qa.test.DemoTest1"/>
  <testcase name="div" time="0.0" classname="com.qa.test.DemoTest2"/>
  <testcase name="mul" time="0.0" classname="com.qa.test.DemoTest2"/>
  <testcase name="sub" time="0.0" classname="com.qa.test.DemoTest2"/>
  <testcase name="sum" time="0.0" classname="com.qa.test.DemoTest2"/>
</testsuite> <!-- Test Maven Testing -->
